==============================================================================
Tasks :: Orders robots from RobotSpareBin Industries Inc. Saves the order H...
==============================================================================
Order robots from RobotSpareBin Industries Inc                        Capturing Screenshot to e:\Internshala\1-Xorion Technologies Pvt Ltd., Nagpur\Level-2\2nd-Robot\image_files\RSB-ROBO-ORDER-ZSKRCFBUX.png
Printing RSB-ROBO-ORDER-ZSKRCFBUX
Printing Embedding image e:\Internshala\1-Xorion Technologies Pvt Ltd., Nagpur\Level-2\2nd-Robot\image_files\RSB-ROBO-ORDER-ZSKRCFBUX.png in pdf file e:\Internshala\1-Xorion Technologies Pvt Ltd., Nagpur\Level-2\2nd-Robot\pdf_files\RSB-ROBO-ORDER-ZSKRCFBUX.pdf
Capturing Screenshot to e:\Internshala\1-Xorion Technologies Pvt Ltd., Nagpur\Level-2\2nd-Robot\image_files\RSB-ROBO-ORDER-UQHFYU5P6.png
Printing RSB-ROBO-ORDER-UQHFYU5P6
Printing Embedding image e:\Internshala\1-Xorion Technologies Pvt Ltd., Nagpur\Level-2\2nd-Robot\image_files\RSB-ROBO-ORDER-UQHFYU5P6.png in pdf file e:\Internshala\1-Xorion Technologies Pvt Ltd., Nagpur\Level-2\2nd-Robot\pdf_files\RSB-ROBO-ORDER-UQHFYU5P6.pdf
Capturing Screenshot to e:\Internshala\1-Xorion Technologies Pvt Ltd., Nagpur\Level-2\2nd-Robot\image_files\RSB-ROBO-ORDER-M820LFMLHQ.png
Printing RSB-ROBO-ORDER-M820LFMLHQ
Printing Embedding image e:\Internshala\1-Xorion Technologies Pvt Ltd., Nagpur\Level-2\2nd-Robot\image_files\RSB-ROBO-ORDER-M820LFMLHQ.png in pdf file e:\Internshala\1-Xorion Technologies Pvt Ltd., Nagpur\Level-2\2nd-Robot\pdf_files\RSB-ROBO-ORDER-M820LFMLHQ.pdf
Capturing Screenshot to e:\Internshala\1-Xorion Technologies Pvt Ltd., Nagpur\Level-2\2nd-Robot\image_files\RSB-ROBO-ORDER-XBR6RCHIW.png
Printing RSB-ROBO-ORDER-XBR6RCHIW
Printing Embedding image e:\Internshala\1-Xorion Technologies Pvt Ltd., Nagpur\Level-2\2nd-Robot\image_files\RSB-ROBO-ORDER-XBR6RCHIW.png in pdf file e:\Internshala\1-Xorion Technologies Pvt Ltd., Nagpur\Level-2\2nd-Robot\pdf_files\RSB-ROBO-ORDER-XBR6RCHIW.pdf
Capturing Screenshot to e:\Internshala\1-Xorion Technologies Pvt Ltd., Nagpur\Level-2\2nd-Robot\image_files\RSB-ROBO-ORDER-5VZJ9YFKKJ.png
Printing RSB-ROBO-ORDER-5VZJ9YFKKJ
Printing Embedding image e:\Internshala\1-Xorion Technologies Pvt Ltd., Nagpur\Level-2\2nd-Robot\image_files\RSB-ROBO-ORDER-5VZJ9YFKKJ.png in pdf file e:\Internshala\1-Xorion Technologies Pvt Ltd., Nagpur\Level-2\2nd-Robot\pdf_files\RSB-ROBO-ORDER-5VZJ9YFKKJ.pdf
Capturing Screenshot to e:\Internshala\1-Xorion Technologies Pvt Ltd., Nagpur\Level-2\2nd-Robot\image_files\RSB-ROBO-ORDER-X3GEO5HY9B.png
Printing RSB-ROBO-ORDER-X3GEO5HY9B
Printing Embedding image e:\Internshala\1-Xorion Technologies Pvt Ltd., Nagpur\Level-2\2nd-Robot\image_files\RSB-ROBO-ORDER-X3GEO5HY9B.png in pdf file e:\Internshala\1-Xorion Technologies Pvt Ltd., Nagpur\Level-2\2nd-Robot\pdf_files\RSB-ROBO-ORDER-X3GEO5HY9B.pdf
Capturing Screenshot to e:\Internshala\1-Xorion Technologies Pvt Ltd., Nagpur\Level-2\2nd-Robot\image_files\RSB-ROBO-ORDER-KZ6BBCO87.png
Printing RSB-ROBO-ORDER-KZ6BBCO87
Printing Embedding image e:\Internshala\1-Xorion Technologies Pvt Ltd., Nagpur\Level-2\2nd-Robot\image_files\RSB-ROBO-ORDER-KZ6BBCO87.png in pdf file e:\Internshala\1-Xorion Technologies Pvt Ltd., Nagpur\Level-2\2nd-Robot\pdf_files\RSB-ROBO-ORDER-KZ6BBCO87.pdf
Capturing Screenshot to e:\Internshala\1-Xorion Technologies Pvt Ltd., Nagpur\Level-2\2nd-Robot\image_files\RSB-ROBO-ORDER-OJCGBRRJ6.png
Printing RSB-ROBO-ORDER-OJCGBRRJ6
Printing Embedding image e:\Internshala\1-Xorion Technologies Pvt Ltd., Nagpur\Level-2\2nd-Robot\image_files\RSB-ROBO-ORDER-OJCGBRRJ6.png in pdf file e:\Internshala\1-Xorion Technologies Pvt Ltd., Nagpur\Level-2\2nd-Robot\pdf_files\RSB-ROBO-ORDER-OJCGBRRJ6.pdf
Capturing Screenshot to e:\Internshala\1-Xorion Technologies Pvt Ltd., Nagpur\Level-2\2nd-Robot\image_files\RSB-ROBO-ORDER-D2QVEY827M.png
Printing RSB-ROBO-ORDER-D2QVEY827M
Printing Embedding image e:\Internshala\1-Xorion Technologies Pvt Ltd., Nagpur\Level-2\2nd-Robot\image_files\RSB-ROBO-ORDER-D2QVEY827M.png in pdf file e:\Internshala\1-Xorion Technologies Pvt Ltd., Nagpur\Level-2\2nd-Robot\pdf_files\RSB-ROBO-ORDER-D2QVEY827M.pdf
Capturing Screenshot to e:\Internshala\1-Xorion Technologies Pvt Ltd., Nagpur\Level-2\2nd-Robot\image_files\RSB-ROBO-ORDER-WKD5SQII25.png
Printing RSB-ROBO-ORDER-WKD5SQII25
Printing Embedding image e:\Internshala\1-Xorion Technologies Pvt Ltd., Nagpur\Level-2\2nd-Robot\image_files\RSB-ROBO-ORDER-WKD5SQII25.png in pdf file e:\Internshala\1-Xorion Technologies Pvt Ltd., Nagpur\Level-2\2nd-Robot\pdf_files\RSB-ROBO-ORDER-WKD5SQII25.pdf
Capturing Screenshot to e:\Internshala\1-Xorion Technologies Pvt Ltd., Nagpur\Level-2\2nd-Robot\image_files\RSB-ROBO-ORDER-IP2QGQAPG.png
Printing RSB-ROBO-ORDER-IP2QGQAPG
Printing Embedding image e:\Internshala\1-Xorion Technologies Pvt Ltd., Nagpur\Level-2\2nd-Robot\image_files\RSB-ROBO-ORDER-IP2QGQAPG.png in pdf file e:\Internshala\1-Xorion Technologies Pvt Ltd., Nagpur\Level-2\2nd-Robot\pdf_files\RSB-ROBO-ORDER-IP2QGQAPG.pdf
Capturing Screenshot to e:\Internshala\1-Xorion Technologies Pvt Ltd., Nagpur\Level-2\2nd-Robot\image_files\RSB-ROBO-ORDER-0F6YT5UHMI.png
Printing RSB-ROBO-ORDER-0F6YT5UHMI
Printing Embedding image e:\Internshala\1-Xorion Technologies Pvt Ltd., Nagpur\Level-2\2nd-Robot\image_files\RSB-ROBO-ORDER-0F6YT5UHMI.png in pdf file e:\Internshala\1-Xorion Technologies Pvt Ltd., Nagpur\Level-2\2nd-Robot\pdf_files\RSB-ROBO-ORDER-0F6YT5UHMI.pdf
Capturing Screenshot to e:\Internshala\1-Xorion Technologies Pvt Ltd., Nagpur\Level-2\2nd-Robot\image_files\RSB-ROBO-ORDER-3JAKMYNR2B.png
Printing RSB-ROBO-ORDER-3JAKMYNR2B
Printing Embedding image e:\Internshala\1-Xorion Technologies Pvt Ltd., Nagpur\Level-2\2nd-Robot\image_files\RSB-ROBO-ORDER-3JAKMYNR2B.png in pdf file e:\Internshala\1-Xorion Technologies Pvt Ltd., Nagpur\Level-2\2nd-Robot\pdf_files\RSB-ROBO-ORDER-3JAKMYNR2B.pdf
Capturing Screenshot to e:\Internshala\1-Xorion Technologies Pvt Ltd., Nagpur\Level-2\2nd-Robot\image_files\RSB-ROBO-ORDER-ITLUHVHPRI.png
Printing RSB-ROBO-ORDER-ITLUHVHPRI
Printing Embedding image e:\Internshala\1-Xorion Technologies Pvt Ltd., Nagpur\Level-2\2nd-Robot\image_files\RSB-ROBO-ORDER-ITLUHVHPRI.png in pdf file e:\Internshala\1-Xorion Technologies Pvt Ltd., Nagpur\Level-2\2nd-Robot\pdf_files\RSB-ROBO-ORDER-ITLUHVHPRI.pdf
Capturing Screenshot to e:\Internshala\1-Xorion Technologies Pvt Ltd., Nagpur\Level-2\2nd-Robot\image_files\RSB-ROBO-ORDER-9C4AAWLVGL.png
Printing RSB-ROBO-ORDER-9C4AAWLVGL
Printing Embedding image e:\Internshala\1-Xorion Technologies Pvt Ltd., Nagpur\Level-2\2nd-Robot\image_files\RSB-ROBO-ORDER-9C4AAWLVGL.png in pdf file e:\Internshala\1-Xorion Technologies Pvt Ltd., Nagpur\Level-2\2nd-Robot\pdf_files\RSB-ROBO-ORDER-9C4AAWLVGL.pdf
Capturing Screenshot to e:\Internshala\1-Xorion Technologies Pvt Ltd., Nagpur\Level-2\2nd-Robot\image_files\RSB-ROBO-ORDER-KJVDN8NZH.png
Printing RSB-ROBO-ORDER-KJVDN8NZH
Printing Embedding image e:\Internshala\1-Xorion Technologies Pvt Ltd., Nagpur\Level-2\2nd-Robot\image_files\RSB-ROBO-ORDER-KJVDN8NZH.png in pdf file e:\Internshala\1-Xorion Technologies Pvt Ltd., Nagpur\Level-2\2nd-Robot\pdf_files\RSB-ROBO-ORDER-KJVDN8NZH.pdf
Capturing Screenshot to e:\Internshala\1-Xorion Technologies Pvt Ltd., Nagpur\Level-2\2nd-Robot\image_files\RSB-ROBO-ORDER-DGSK8FSJ1E.png
Printing RSB-ROBO-ORDER-DGSK8FSJ1E
Printing Embedding image e:\Internshala\1-Xorion Technologies Pvt Ltd., Nagpur\Level-2\2nd-Robot\image_files\RSB-ROBO-ORDER-DGSK8FSJ1E.png in pdf file e:\Internshala\1-Xorion Technologies Pvt Ltd., Nagpur\Level-2\2nd-Robot\pdf_files\RSB-ROBO-ORDER-DGSK8FSJ1E.pdf
Capturing Screenshot to e:\Internshala\1-Xorion Technologies Pvt Ltd., Nagpur\Level-2\2nd-Robot\image_files\RSB-ROBO-ORDER-42HJ3DXW3N.png
Printing RSB-ROBO-ORDER-42HJ3DXW3N
Printing Embedding image e:\Internshala\1-Xorion Technologies Pvt Ltd., Nagpur\Level-2\2nd-Robot\image_files\RSB-ROBO-ORDER-42HJ3DXW3N.png in pdf file e:\Internshala\1-Xorion Technologies Pvt Ltd., Nagpur\Level-2\2nd-Robot\pdf_files\RSB-ROBO-ORDER-42HJ3DXW3N.pdf
Capturing Screenshot to e:\Internshala\1-Xorion Technologies Pvt Ltd., Nagpur\Level-2\2nd-Robot\image_files\RSB-ROBO-ORDER-3R1Z2QUXL.png
Printing RSB-ROBO-ORDER-3R1Z2QUXL
Printing Embedding image e:\Internshala\1-Xorion Technologies Pvt Ltd., Nagpur\Level-2\2nd-Robot\image_files\RSB-ROBO-ORDER-3R1Z2QUXL.png in pdf file e:\Internshala\1-Xorion Technologies Pvt Ltd., Nagpur\Level-2\2nd-Robot\pdf_files\RSB-ROBO-ORDER-3R1Z2QUXL.pdf
Capturing Screenshot to e:\Internshala\1-Xorion Technologies Pvt Ltd., Nagpur\Level-2\2nd-Robot\image_files\RSB-ROBO-ORDER-F7TV4LS6GA.png
Printing RSB-ROBO-ORDER-F7TV4LS6GA
Printing Embedding image e:\Internshala\1-Xorion Technologies Pvt Ltd., Nagpur\Level-2\2nd-Robot\image_files\RSB-ROBO-ORDER-F7TV4LS6GA.png in pdf file e:\Internshala\1-Xorion Technologies Pvt Ltd., Nagpur\Level-2\2nd-Robot\pdf_files\RSB-ROBO-ORDER-F7TV4LS6GA.pdf
| PASS |
------------------------------------------------------------------------------
Tasks :: Orders robots from RobotSpareBin Industries Inc. Saves th... | PASS |
1 task, 1 passed, 0 failed
==============================================================================
Output:  e:\Internshala\1-Xorion Technologies Pvt Ltd., Nagpur\Level-2\2nd-Robot\output\output.xml
Log:     e:\Internshala\1-Xorion Technologies Pvt Ltd., Nagpur\Level-2\2nd-Robot\output\log.html
